2021/12/26 18:45:20 main.go:14: test
2021/12/26 18:53:59 base.go:21: sql: unknown driver "sqlite3" (forgotten import?)
2021/12/26 18:55:09 base.go:21: sql: unknown driver "sqlite3" (forgotten import?)
2021/12/26 18:56:08 base.go:21: sql: unknown driver "sqlite3" (forgotten import?)
2021/12/26 19:10:50 base.go:21: sql: unknown driver "sqlite3" (forgotten import?)
2021/12/26 19:11:05 base.go:21: sql: unknown driver "sqlite3" (forgotten import?)
2021/12/27 22:20:54 base.go:21: sql: unknown driver "sqlite3" (forgotten import?)
2021/12/27 22:22:40 base.go:21: sql: unknown driver "sqlite3" (forgotten import?)
2022/01/02 16:21:37 server.go:3090: http: panic serving [::1]:55077: template: layout.html:11: unexpected "{" in command
goroutine 20 [running]:
net/http.(*conn).serve.func1(0xc0000b34a0)
	/usr/local/go/src/net/http/server.go:1800 +0x139
panic(0x13ba8a0, 0xc000098ec0)
	/usr/local/go/src/runtime/panic.go:975 +0x3e3
html/template.Must(...)
	/usr/local/go/src/html/template/template.go:372
go-todo-practice/app/controllers.generateHTML(0x14c19a0, 0xc0001061c0, 0x13a0f60, 0x14b2640, 0xc00004ab30, 0x2, 0x2)
	/Users/daikiyano/go/src/go-todo-practice/app/controllers/server.go:16 +0x2b8
go-todo-practice/app/controllers.top(0x14c19a0, 0xc0001061c0, 0xc0000fe200)
	/Users/daikiyano/go/src/go-todo-practice/app/controllers/route_main.go:8 +0xa4
net/http.HandlerFunc.ServeHTTP(0x1449e00, 0x14c19a0, 0xc0001061c0, 0xc0000fe200)
	/usr/local/go/src/net/http/server.go:2041 +0x44
net/http.(*ServeMux).ServeHTTP(0x1763d80, 0x14c19a0, 0xc0001061c0, 0xc0000fe200)
	/usr/local/go/src/net/http/server.go:2416 +0x1a5
net/http.serverHandler.ServeHTTP(0xc000106000, 0x14c19a0, 0xc0001061c0, 0xc0000fe200)
	/usr/local/go/src/net/http/server.go:2836 +0xa3
net/http.(*conn).serve(0xc0000b34a0, 0x14c23e0, 0xc0000ce440)
	/usr/local/go/src/net/http/server.go:1924 +0x86c
created by net/http.(*Server).Serve
	/usr/local/go/src/net/http/server.go:2962 +0x35c
2022/01/02 16:21:37 server.go:3090: http: panic serving [::1]:55105: template: layout.html:11: unexpected "{" in command
goroutine 21 [running]:
net/http.(*conn).serve.func1(0xc0000b3540)
	/usr/local/go/src/net/http/server.go:1800 +0x139
panic(0x13ba8a0, 0xc000012080)
	/usr/local/go/src/runtime/panic.go:975 +0x3e3
html/template.Must(...)
	/usr/local/go/src/html/template/template.go:372
go-todo-practice/app/controllers.generateHTML(0x14c19a0, 0xc0001840e0, 0x13a0f60, 0x14b2640, 0xc00004bb30, 0x2, 0x2)
	/Users/daikiyano/go/src/go-todo-practice/app/controllers/server.go:16 +0x2b8
go-todo-practice/app/controllers.top(0x14c19a0, 0xc0001840e0, 0xc0000fe300)
	/Users/daikiyano/go/src/go-todo-practice/app/controllers/route_main.go:8 +0xa4
net/http.HandlerFunc.ServeHTTP(0x1449e00, 0x14c19a0, 0xc0001840e0, 0xc0000fe300)
	/usr/local/go/src/net/http/server.go:2041 +0x44
net/http.(*ServeMux).ServeHTTP(0x1763d80, 0x14c19a0, 0xc0001840e0, 0xc0000fe300)
	/usr/local/go/src/net/http/server.go:2416 +0x1a5
net/http.serverHandler.ServeHTTP(0xc000106000, 0x14c19a0, 0xc0001840e0, 0xc0000fe300)
	/usr/local/go/src/net/http/server.go:2836 +0xa3
net/http.(*conn).serve(0xc0000b3540, 0x14c23e0, 0xc0000ce4c0)
	/usr/local/go/src/net/http/server.go:1924 +0x86c
created by net/http.(*Server).Serve
	/usr/local/go/src/net/http/server.go:2962 +0x35c
2022/01/02 16:21:37 server.go:3090: http: panic serving [::1]:55106: template: layout.html:11: unexpected "{" in command
goroutine 24 [running]:
net/http.(*conn).serve.func1(0xc0000b35e0)
	/usr/local/go/src/net/http/server.go:1800 +0x139
panic(0x13ba8a0, 0xc000098fb0)
	/usr/local/go/src/runtime/panic.go:975 +0x3e3
html/template.Must(...)
	/usr/local/go/src/html/template/template.go:372
go-todo-practice/app/controllers.generateHTML(0x14c19a0, 0xc000106380, 0x13a0f60, 0x14b2640, 0xc00004ab30, 0x2, 0x2)
	/Users/daikiyano/go/src/go-todo-practice/app/controllers/server.go:16 +0x2b8
go-todo-practice/app/controllers.top(0x14c19a0, 0xc000106380, 0xc0000fe600)
	/Users/daikiyano/go/src/go-todo-practice/app/controllers/route_main.go:8 +0xa4
net/http.HandlerFunc.ServeHTTP(0x1449e00, 0x14c19a0, 0xc000106380, 0xc0000fe600)
	/usr/local/go/src/net/http/server.go:2041 +0x44
net/http.(*ServeMux).ServeHTTP(0x1763d80, 0x14c19a0, 0xc000106380, 0xc0000fe600)
	/usr/local/go/src/net/http/server.go:2416 +0x1a5
net/http.serverHandler.ServeHTTP(0xc000106000, 0x14c19a0, 0xc000106380, 0xc0000fe600)
	/usr/local/go/src/net/http/server.go:2836 +0xa3
net/http.(*conn).serve(0xc0000b35e0, 0x14c23e0, 0xc0000ce6c0)
	/usr/local/go/src/net/http/server.go:1924 +0x86c
created by net/http.(*Server).Serve
	/usr/local/go/src/net/http/server.go:2962 +0x35c
2022/01/02 16:21:38 server.go:3090: http: panic serving [::1]:55107: template: layout.html:11: unexpected "{" in command
goroutine 36 [running]:
net/http.(*conn).serve.func1(0xc0001ba000)
	/usr/local/go/src/net/http/server.go:1800 +0x139
panic(0x13ba8a0, 0xc000012120)
	/usr/local/go/src/runtime/panic.go:975 +0x3e3
html/template.Must(...)
	/usr/local/go/src/html/template/template.go:372
go-todo-practice/app/controllers.generateHTML(0x14c19a0, 0xc000106460, 0x13a0f60, 0x14b2640, 0xc00004fb30, 0x2, 0x2)
	/Users/daikiyano/go/src/go-todo-practice/app/controllers/server.go:16 +0x2b8
go-todo-practice/app/controllers.top(0x14c19a0, 0xc000106460, 0xc000072100)
	/Users/daikiyano/go/src/go-todo-practice/app/controllers/route_main.go:8 +0xa4
net/http.HandlerFunc.ServeHTTP(0x1449e00, 0x14c19a0, 0xc000106460, 0xc000072100)
	/usr/local/go/src/net/http/server.go:2041 +0x44
net/http.(*ServeMux).ServeHTTP(0x1763d80, 0x14c19a0, 0xc000106460, 0xc000072100)
	/usr/local/go/src/net/http/server.go:2416 +0x1a5
net/http.serverHandler.ServeHTTP(0xc000106000, 0x14c19a0, 0xc000106460, 0xc000072100)
	/usr/local/go/src/net/http/server.go:2836 +0xa3
net/http.(*conn).serve(0xc0001ba000, 0x14c23e0, 0xc000022080)
	/usr/local/go/src/net/http/server.go:1924 +0x86c
created by net/http.(*Server).Serve
	/usr/local/go/src/net/http/server.go:2962 +0x35c
2022/01/02 16:21:38 server.go:3090: http: panic serving [::1]:55108: template: layout.html:11: unexpected "{" in command
goroutine 5 [running]:
net/http.(*conn).serve.func1(0xc00007e000)
	/usr/local/go/src/net/http/server.go:1800 +0x139
panic(0x13ba8a0, 0xc0000121b0)
	/usr/local/go/src/runtime/panic.go:975 +0x3e3
html/template.Must(...)
	/usr/local/go/src/html/template/template.go:372
go-todo-practice/app/controllers.generateHTML(0x14c19a0, 0xc0001841c0, 0x13a0f60, 0x14b2640, 0xc00004ab30, 0x2, 0x2)
	/Users/daikiyano/go/src/go-todo-practice/app/controllers/server.go:16 +0x2b8
go-todo-practice/app/controllers.top(0x14c19a0, 0xc0001841c0, 0xc0000fe900)
	/Users/daikiyano/go/src/go-todo-practice/app/controllers/route_main.go:8 +0xa4
net/http.HandlerFunc.ServeHTTP(0x1449e00, 0x14c19a0, 0xc0001841c0, 0xc0000fe900)
	/usr/local/go/src/net/http/server.go:2041 +0x44
net/http.(*ServeMux).ServeHTTP(0x1763d80, 0x14c19a0, 0xc0001841c0, 0xc0000fe900)
	/usr/local/go/src/net/http/server.go:2416 +0x1a5
net/http.serverHandler.ServeHTTP(0xc000106000, 0x14c19a0, 0xc0001841c0, 0xc0000fe900)
	/usr/local/go/src/net/http/server.go:2836 +0xa3
net/http.(*conn).serve(0xc00007e000, 0x14c23e0, 0xc0000ce840)
	/usr/local/go/src/net/http/server.go:1924 +0x86c
created by net/http.(*Server).Serve
	/usr/local/go/src/net/http/server.go:2962 +0x35c
2022/01/02 16:21:38 server.go:3090: http: panic serving [::1]:55109: template: layout.html:11: unexpected "{" in command
goroutine 38 [running]:
net/http.(*conn).serve.func1(0xc0001ba0a0)
	/usr/local/go/src/net/http/server.go:1800 +0x139
panic(0x13ba8a0, 0xc000012290)
	/usr/local/go/src/runtime/panic.go:975 +0x3e3
html/template.Must(...)
	/usr/local/go/src/html/template/template.go:372
go-todo-practice/app/controllers.generateHTML(0x14c19a0, 0xc000240000, 0x13a0f60, 0x14b2640, 0xc00004bb30, 0x2, 0x2)
	/Users/daikiyano/go/src/go-todo-practice/app/controllers/server.go:16 +0x2b8
go-todo-practice/app/controllers.top(0x14c19a0, 0xc000240000, 0xc0001b8200)
	/Users/daikiyano/go/src/go-todo-practice/app/controllers/route_main.go:8 +0xa4
net/http.HandlerFunc.ServeHTTP(0x1449e00, 0x14c19a0, 0xc000240000, 0xc0001b8200)
	/usr/local/go/src/net/http/server.go:2041 +0x44
net/http.(*ServeMux).ServeHTTP(0x1763d80, 0x14c19a0, 0xc000240000, 0xc0001b8200)
	/usr/local/go/src/net/http/server.go:2416 +0x1a5
net/http.serverHandler.ServeHTTP(0xc000106000, 0x14c19a0, 0xc000240000, 0xc0001b8200)
	/usr/local/go/src/net/http/server.go:2836 +0xa3
net/http.(*conn).serve(0xc0001ba0a0, 0x14c23e0, 0xc000194180)
	/usr/local/go/src/net/http/server.go:1924 +0x86c
created by net/http.(*Server).Serve
	/usr/local/go/src/net/http/server.go:2962 +0x35c
2022/01/02 16:21:43 server.go:3090: http: panic serving [::1]:55112: template: layout.html:11: unexpected "{" in command
goroutine 39 [running]:
net/http.(*conn).serve.func1(0xc0001ba140)
	/usr/local/go/src/net/http/server.go:1800 +0x139
panic(0x13ba8a0, 0xc000012380)
	/usr/local/go/src/runtime/panic.go:975 +0x3e3
html/template.Must(...)
	/usr/local/go/src/html/template/template.go:372
go-todo-practice/app/controllers.generateHTML(0x14c19a0, 0xc0002400e0, 0x13a0f60, 0x14b2640, 0xc0001c4b30, 0x2, 0x2)
	/Users/daikiyano/go/src/go-todo-practice/app/controllers/server.go:16 +0x2b8
go-todo-practice/app/controllers.top(0x14c19a0, 0xc0002400e0, 0xc0001b8300)
	/Users/daikiyano/go/src/go-todo-practice/app/controllers/route_main.go:8 +0xa4
net/http.HandlerFunc.ServeHTTP(0x1449e00, 0x14c19a0, 0xc0002400e0, 0xc0001b8300)
	/usr/local/go/src/net/http/server.go:2041 +0x44
net/http.(*ServeMux).ServeHTTP(0x1763d80, 0x14c19a0, 0xc0002400e0, 0xc0001b8300)
	/usr/local/go/src/net/http/server.go:2416 +0x1a5
net/http.serverHandler.ServeHTTP(0xc000106000, 0x14c19a0, 0xc0002400e0, 0xc0001b8300)
	/usr/local/go/src/net/http/server.go:2836 +0xa3
net/http.(*conn).serve(0xc0001ba140, 0x14c23e0, 0xc000194240)
	/usr/local/go/src/net/http/server.go:1924 +0x86c
created by net/http.(*Server).Serve
	/usr/local/go/src/net/http/server.go:2962 +0x35c
2022/01/02 16:21:43 server.go:3090: http: panic serving [::1]:55113: template: layout.html:11: unexpected "{" in command
goroutine 9 [running]:
net/http.(*conn).serve.func1(0xc00007e0a0)
	/usr/local/go/src/net/http/server.go:1800 +0x139
panic(0x13ba8a0, 0xc000012450)
	/usr/local/go/src/runtime/panic.go:975 +0x3e3
html/template.Must(...)
	/usr/local/go/src/html/template/template.go:372
go-todo-practice/app/controllers.generateHTML(0x14c19a0, 0xc0002401c0, 0x13a0f60, 0x14b2640, 0xc00004bb30, 0x2, 0x2)
	/Users/daikiyano/go/src/go-todo-practice/app/controllers/server.go:16 +0x2b8
go-todo-practice/app/controllers.top(0x14c19a0, 0xc0002401c0, 0xc000072700)
	/Users/daikiyano/go/src/go-todo-practice/app/controllers/route_main.go:8 +0xa4
net/http.HandlerFunc.ServeHTTP(0x1449e00, 0x14c19a0, 0xc0002401c0, 0xc000072700)
	/usr/local/go/src/net/http/server.go:2041 +0x44
net/http.(*ServeMux).ServeHTTP(0x1763d80, 0x14c19a0, 0xc0002401c0, 0xc000072700)
	/usr/local/go/src/net/http/server.go:2416 +0x1a5
net/http.serverHandler.ServeHTTP(0xc000106000, 0x14c19a0, 0xc0002401c0, 0xc000072700)
	/usr/local/go/src/net/http/server.go:2836 +0xa3
net/http.(*conn).serve(0xc00007e0a0, 0x14c23e0, 0xc000022280)
	/usr/local/go/src/net/http/server.go:1924 +0x86c
created by net/http.(*Server).Serve
	/usr/local/go/src/net/http/server.go:2962 +0x35c
2022/01/02 16:21:43 server.go:3090: http: panic serving [::1]:55114: template: layout.html:11: unexpected "{" in command
goroutine 29 [running]:
net/http.(*conn).serve.func1(0xc0000b3680)
	/usr/local/go/src/net/http/server.go:1800 +0x139
panic(0x13ba8a0, 0xc000012530)
	/usr/local/go/src/runtime/panic.go:975 +0x3e3
html/template.Must(...)
	/usr/local/go/src/html/template/template.go:372
go-todo-practice/app/controllers.generateHTML(0x14c19a0, 0xc0002402a0, 0x13a0f60, 0x14b2640, 0xc00004fb30, 0x2, 0x2)
	/Users/daikiyano/go/src/go-todo-practice/app/controllers/server.go:16 +0x2b8
go-todo-practice/app/controllers.top(0x14c19a0, 0xc0002402a0, 0xc0000feb00)
	/Users/daikiyano/go/src/go-todo-practice/app/controllers/route_main.go:8 +0xa4
net/http.HandlerFunc.ServeHTTP(0x1449e00, 0x14c19a0, 0xc0002402a0, 0xc0000feb00)
	/usr/local/go/src/net/http/server.go:2041 +0x44
net/http.(*ServeMux).ServeHTTP(0x1763d80, 0x14c19a0, 0xc0002402a0, 0xc0000feb00)
	/usr/local/go/src/net/http/server.go:2416 +0x1a5
net/http.serverHandler.ServeHTTP(0xc000106000, 0x14c19a0, 0xc0002402a0, 0xc0000feb00)
	/usr/local/go/src/net/http/server.go:2836 +0xa3
net/http.(*conn).serve(0xc0000b3680, 0x14c23e0, 0xc0000ce9c0)
	/usr/local/go/src/net/http/server.go:1924 +0x86c
created by net/http.(*Server).Serve
	/usr/local/go/src/net/http/server.go:2962 +0x35c
2022/01/03 11:08:42 server.go:3090: http: panic serving [::1]:50743: template: layout.html:19: unexpected {{end}}
goroutine 8 [running]:
net/http.(*conn).serve.func1(0xc000119540)
	/usr/local/go/src/net/http/server.go:1800 +0x139
panic(0x4528c80, 0xc000021060)
	/usr/local/go/src/runtime/panic.go:975 +0x3e3
html/template.Must(...)
	/usr/local/go/src/html/template/template.go:372
go-todo-practice/app/controllers.generateHTML(0x4643660, 0xc0001aa000, 0x0, 0x0, 0xc000187b20, 0x3, 0x3)
	/Users/daikiyano/go/src/go-todo-practice/app/controllers/server.go:16 +0x2b8
go-todo-practice/app/controllers.login(0x4643660, 0xc0001aa000, 0xc000194000)
	/Users/daikiyano/go/src/go-todo-practice/app/controllers/route_auth.go:32 +0xae
net/http.HandlerFunc.ServeHTTP(0x45c2ef0, 0x4643660, 0xc0001aa000, 0xc000194000)
	/usr/local/go/src/net/http/server.go:2041 +0x44
net/http.(*ServeMux).ServeHTTP(0x4926be0, 0x4643660, 0xc0001aa000, 0xc000194000)
	/usr/local/go/src/net/http/server.go:2416 +0x1a5
net/http.serverHandler.ServeHTTP(0xc00016c000, 0x4643660, 0xc0001aa000, 0xc000194000)
	/usr/local/go/src/net/http/server.go:2836 +0xa3
net/http.(*conn).serve(0xc000119540, 0x4644320, 0xc00018e000)
	/usr/local/go/src/net/http/server.go:1924 +0x86c
created by net/http.(*Server).Serve
	/usr/local/go/src/net/http/server.go:2962 +0x35c
2022/01/03 11:08:42 server.go:3090: http: panic serving [::1]:50744: template: layout.html:19: unexpected {{end}}
goroutine 9 [running]:
net/http.(*conn).serve.func1(0xc0001195e0)
	/usr/local/go/src/net/http/server.go:1800 +0x139
panic(0x4528c80, 0xc000190100)
	/usr/local/go/src/runtime/panic.go:975 +0x3e3
html/template.Must(...)
	/usr/local/go/src/html/template/template.go:372
go-todo-practice/app/controllers.generateHTML(0x4643660, 0xc000236000, 0x0, 0x0, 0xc00005db20, 0x3, 0x3)
	/Users/daikiyano/go/src/go-todo-practice/app/controllers/server.go:16 +0x2b8
go-todo-practice/app/controllers.login(0x4643660, 0xc000236000, 0xc000138100)
	/Users/daikiyano/go/src/go-todo-practice/app/controllers/route_auth.go:32 +0xae
net/http.HandlerFunc.ServeHTTP(0x45c2ef0, 0x4643660, 0xc000236000, 0xc000138100)
	/usr/local/go/src/net/http/server.go:2041 +0x44
net/http.(*ServeMux).ServeHTTP(0x4926be0, 0x4643660, 0xc000236000, 0xc000138100)
	/usr/local/go/src/net/http/server.go:2416 +0x1a5
net/http.serverHandler.ServeHTTP(0xc00016c000, 0x4643660, 0xc000236000, 0xc000138100)
	/usr/local/go/src/net/http/server.go:2836 +0xa3
net/http.(*conn).serve(0xc0001195e0, 0x4644320, 0xc0000305c0)
	/usr/local/go/src/net/http/server.go:1924 +0x86c
created by net/http.(*Server).Serve
	/usr/local/go/src/net/http/server.go:2962 +0x35c
2022/01/03 11:08:42 server.go:3090: http: panic serving [::1]:50747: template: layout.html:19: unexpected {{end}}
goroutine 36 [running]:
net/http.(*conn).serve.func1(0xc000254000)
	/usr/local/go/src/net/http/server.go:1800 +0x139
panic(0x4528c80, 0xc0000210e0)
	/usr/local/go/src/runtime/panic.go:975 +0x3e3
html/template.Must(...)
	/usr/local/go/src/html/template/template.go:372
go-todo-practice/app/controllers.generateHTML(0x4643660, 0xc0002360e0, 0x0, 0x0, 0xc00005db20, 0x3, 0x3)
	/Users/daikiyano/go/src/go-todo-practice/app/controllers/server.go:16 +0x2b8
go-todo-practice/app/controllers.login(0x4643660, 0xc0002360e0, 0xc00021c200)
	/Users/daikiyano/go/src/go-todo-practice/app/controllers/route_auth.go:32 +0xae
net/http.HandlerFunc.ServeHTTP(0x45c2ef0, 0x4643660, 0xc0002360e0, 0xc00021c200)
	/usr/local/go/src/net/http/server.go:2041 +0x44
net/http.(*ServeMux).ServeHTTP(0x4926be0, 0x4643660, 0xc0002360e0, 0xc00021c200)
	/usr/local/go/src/net/http/server.go:2416 +0x1a5
net/http.serverHandler.ServeHTTP(0xc00016c000, 0x4643660, 0xc0002360e0, 0xc00021c200)
	/usr/local/go/src/net/http/server.go:2836 +0xa3
net/http.(*conn).serve(0xc000254000, 0x4644320, 0xc00022c140)
	/usr/local/go/src/net/http/server.go:1924 +0x86c
created by net/http.(*Server).Serve
	/usr/local/go/src/net/http/server.go:2962 +0x35c
2022/01/03 11:08:44 server.go:3090: http: panic serving [::1]:50769: template: layout.html:19: unexpected {{end}}
goroutine 39 [running]:
net/http.(*conn).serve.func1(0xc0002540a0)
	/usr/local/go/src/net/http/server.go:1800 +0x139
panic(0x4528c80, 0xc000190180)
	/usr/local/go/src/runtime/panic.go:975 +0x3e3
html/template.Must(...)
	/usr/local/go/src/html/template/template.go:372
go-todo-practice/app/controllers.generateHTML(0x4643660, 0xc0002361c0, 0x0, 0x0, 0xc00005db20, 0x3, 0x3)
	/Users/daikiyano/go/src/go-todo-practice/app/controllers/server.go:16 +0x2b8
go-todo-practice/app/controllers.login(0x4643660, 0xc0002361c0, 0xc00021c600)
	/Users/daikiyano/go/src/go-todo-practice/app/controllers/route_auth.go:32 +0xae
net/http.HandlerFunc.ServeHTTP(0x45c2ef0, 0x4643660, 0xc0002361c0, 0xc00021c600)
	/usr/local/go/src/net/http/server.go:2041 +0x44
net/http.(*ServeMux).ServeHTTP(0x4926be0, 0x4643660, 0xc0002361c0, 0xc00021c600)
	/usr/local/go/src/net/http/server.go:2416 +0x1a5
net/http.serverHandler.ServeHTTP(0xc00016c000, 0x4643660, 0xc0002361c0, 0xc00021c600)
	/usr/local/go/src/net/http/server.go:2836 +0xa3
net/http.(*conn).serve(0xc0002540a0, 0x4644320, 0xc00022c340)
	/usr/local/go/src/net/http/server.go:1924 +0x86c
created by net/http.(*Server).Serve
	/usr/local/go/src/net/http/server.go:2962 +0x35c
2022/01/03 11:08:44 server.go:3090: http: panic serving [::1]:50770: template: layout.html:19: unexpected {{end}}
goroutine 40 [running]:
net/http.(*conn).serve.func1(0xc000254140)
	/usr/local/go/src/net/http/server.go:1800 +0x139
panic(0x4528c80, 0xc0000211d0)
	/usr/local/go/src/runtime/panic.go:975 +0x3e3
html/template.Must(...)
	/usr/local/go/src/html/template/template.go:372
go-todo-practice/app/controllers.generateHTML(0x4643660, 0xc00016c0e0, 0x0, 0x0, 0xc000182b20, 0x3, 0x3)
	/Users/daikiyano/go/src/go-todo-practice/app/controllers/server.go:16 +0x2b8
go-todo-practice/app/controllers.login(0x4643660, 0xc00016c0e0, 0xc00021c700)
	/Users/daikiyano/go/src/go-todo-practice/app/controllers/route_auth.go:32 +0xae
net/http.HandlerFunc.ServeHTTP(0x45c2ef0, 0x4643660, 0xc00016c0e0, 0xc00021c700)
	/usr/local/go/src/net/http/server.go:2041 +0x44
net/http.(*ServeMux).ServeHTTP(0x4926be0, 0x4643660, 0xc00016c0e0, 0xc00021c700)
	/usr/local/go/src/net/http/server.go:2416 +0x1a5
net/http.serverHandler.ServeHTTP(0xc00016c000, 0x4643660, 0xc00016c0e0, 0xc00021c700)
	/usr/local/go/src/net/http/server.go:2836 +0xa3
net/http.(*conn).serve(0xc000254140, 0x4644320, 0xc00022c3c0)
	/usr/local/go/src/net/http/server.go:1924 +0x86c
created by net/http.(*Server).Serve
	/usr/local/go/src/net/http/server.go:2962 +0x35c
2022/01/03 11:08:44 server.go:3090: http: panic serving [::1]:50771: template: layout.html:19: unexpected {{end}}
goroutine 43 [running]:
net/http.(*conn).serve.func1(0xc0002541e0)
	/usr/local/go/src/net/http/server.go:1800 +0x139
panic(0x4528c80, 0xc000021250)
	/usr/local/go/src/runtime/panic.go:975 +0x3e3
html/template.Must(...)
	/usr/local/go/src/html/template/template.go:372
go-todo-practice/app/controllers.generateHTML(0x4643660, 0xc0002362a0, 0x0, 0x0, 0xc00005db20, 0x3, 0x3)
	/Users/daikiyano/go/src/go-todo-practice/app/controllers/server.go:16 +0x2b8
go-todo-practice/app/controllers.login(0x4643660, 0xc0002362a0, 0xc00021ca00)
	/Users/daikiyano/go/src/go-todo-practice/app/controllers/route_auth.go:32 +0xae
net/http.HandlerFunc.ServeHTTP(0x45c2ef0, 0x4643660, 0xc0002362a0, 0xc00021ca00)
	/usr/local/go/src/net/http/server.go:2041 +0x44
net/http.(*ServeMux).ServeHTTP(0x4926be0, 0x4643660, 0xc0002362a0, 0xc00021ca00)
	/usr/local/go/src/net/http/server.go:2416 +0x1a5
net/http.serverHandler.ServeHTTP(0xc00016c000, 0x4643660, 0xc0002362a0, 0xc00021ca00)
	/usr/local/go/src/net/http/server.go:2836 +0xa3
net/http.(*conn).serve(0xc0002541e0, 0x4644320, 0xc00022c5c0)
	/usr/local/go/src/net/http/server.go:1924 +0x86c
created by net/http.(*Server).Serve
	/usr/local/go/src/net/http/server.go:2962 +0x35c
2022/01/03 11:08:49 server.go:3090: http: panic serving [::1]:50772: template: layout.html:19: unexpected {{end}}
goroutine 46 [running]:
net/http.(*conn).serve.func1(0xc000254280)
	/usr/local/go/src/net/http/server.go:1800 +0x139
panic(0x4528c80, 0xc000190200)
	/usr/local/go/src/runtime/panic.go:975 +0x3e3
html/template.Must(...)
	/usr/local/go/src/html/template/template.go:372
go-todo-practice/app/controllers.generateHTML(0x4643660, 0xc000236380, 0x0, 0x0, 0xc000182b20, 0x3, 0x3)
	/Users/daikiyano/go/src/go-todo-practice/app/controllers/server.go:16 +0x2b8
go-todo-practice/app/controllers.login(0x4643660, 0xc000236380, 0xc000138700)
	/Users/daikiyano/go/src/go-todo-practice/app/controllers/route_auth.go:32 +0xae
net/http.HandlerFunc.ServeHTTP(0x45c2ef0, 0x4643660, 0xc000236380, 0xc000138700)
	/usr/local/go/src/net/http/server.go:2041 +0x44
net/http.(*ServeMux).ServeHTTP(0x4926be0, 0x4643660, 0xc000236380, 0xc000138700)
	/usr/local/go/src/net/http/server.go:2416 +0x1a5
net/http.serverHandler.ServeHTTP(0xc00016c000, 0x4643660, 0xc000236380, 0xc000138700)
	/usr/local/go/src/net/http/server.go:2836 +0xa3
net/http.(*conn).serve(0xc000254280, 0x4644320, 0xc000030ac0)
	/usr/local/go/src/net/http/server.go:1924 +0x86c
created by net/http.(*Server).Serve
	/usr/local/go/src/net/http/server.go:2962 +0x35c
2022/01/03 11:08:49 server.go:3090: http: panic serving [::1]:50773: template: layout.html:19: unexpected {{end}}
goroutine 47 [running]:
net/http.(*conn).serve.func1(0xc000254320)
	/usr/local/go/src/net/http/server.go:1800 +0x139
panic(0x4528c80, 0xc0000212e0)
	/usr/local/go/src/runtime/panic.go:975 +0x3e3
html/template.Must(...)
	/usr/local/go/src/html/template/template.go:372
go-todo-practice/app/controllers.generateHTML(0x4643660, 0xc000236460, 0x0, 0x0, 0xc00005db20, 0x3, 0x3)
	/Users/daikiyano/go/src/go-todo-practice/app/controllers/server.go:16 +0x2b8
go-todo-practice/app/controllers.login(0x4643660, 0xc000236460, 0xc00021cd00)
	/Users/daikiyano/go/src/go-todo-practice/app/controllers/route_auth.go:32 +0xae
net/http.HandlerFunc.ServeHTTP(0x45c2ef0, 0x4643660, 0xc000236460, 0xc00021cd00)
	/usr/local/go/src/net/http/server.go:2041 +0x44
net/http.(*ServeMux).ServeHTTP(0x4926be0, 0x4643660, 0xc000236460, 0xc00021cd00)
	/usr/local/go/src/net/http/server.go:2416 +0x1a5
net/http.serverHandler.ServeHTTP(0xc00016c000, 0x4643660, 0xc000236460, 0xc00021cd00)
	/usr/local/go/src/net/http/server.go:2836 +0xa3
net/http.(*conn).serve(0xc000254320, 0x4644320, 0xc00022c780)
	/usr/local/go/src/net/http/server.go:1924 +0x86c
created by net/http.(*Server).Serve
	/usr/local/go/src/net/http/server.go:2962 +0x35c
2022/01/03 11:08:49 server.go:3090: http: panic serving [::1]:50774: template: layout.html:19: unexpected {{end}}
goroutine 20 [running]:
net/http.(*conn).serve.func1(0xc0001f6000)
	/usr/local/go/src/net/http/server.go:1800 +0x139
panic(0x4528c80, 0xc000190300)
	/usr/local/go/src/runtime/panic.go:975 +0x3e3
html/template.Must(...)
	/usr/local/go/src/html/template/template.go:372
go-todo-practice/app/controllers.generateHTML(0x4643660, 0xc0001aa0e0, 0x0, 0x0, 0xc000187b20, 0x3, 0x3)
	/Users/daikiyano/go/src/go-todo-practice/app/controllers/server.go:16 +0x2b8
go-todo-practice/app/controllers.login(0x4643660, 0xc0001aa0e0, 0xc000194700)
	/Users/daikiyano/go/src/go-todo-practice/app/controllers/route_auth.go:32 +0xae
net/http.HandlerFunc.ServeHTTP(0x45c2ef0, 0x4643660, 0xc0001aa0e0, 0xc000194700)
	/usr/local/go/src/net/http/server.go:2041 +0x44
net/http.(*ServeMux).ServeHTTP(0x4926be0, 0x4643660, 0xc0001aa0e0, 0xc000194700)
	/usr/local/go/src/net/http/server.go:2416 +0x1a5
net/http.serverHandler.ServeHTTP(0xc00016c000, 0x4643660, 0xc0001aa0e0, 0xc000194700)
	/usr/local/go/src/net/http/server.go:2836 +0xa3
net/http.(*conn).serve(0xc0001f6000, 0x4644320, 0xc00018e480)
	/usr/local/go/src/net/http/server.go:1924 +0x86c
created by net/http.(*Server).Serve
	/usr/local/go/src/net/http/server.go:2962 +0x35c
2022/01/03 11:09:07 route_auth.go:39: sql: no rows in result set
2022/01/03 11:09:07 server.go:3090: http: superfluous response.WriteHeader call from go-todo-practice/app/controllers.authenticate (route_auth.go:56)
2022/01/03 11:10:05 route_auth.go:39: sql: no rows in result set
2022/01/03 11:10:05 server.go:3090: http: superfluous response.WriteHeader call from go-todo-practice/app/controllers.authenticate (route_auth.go:56)
2022/01/03 11:10:20 route_auth.go:39: sql: no rows in result set
2022/01/03 11:10:20 server.go:3090: http: superfluous response.WriteHeader call from go-todo-practice/app/controllers.authenticate (route_auth.go:56)
2022/01/03 11:13:39 route_auth.go:39: sql: no rows in result set
2022/01/03 11:13:39 server.go:3090: http: superfluous response.WriteHeader call from go-todo-practice/app/controllers.authenticate (route_auth.go:56)
2022/01/03 11:13:41 route_auth.go:39: sql: no rows in result set
2022/01/03 11:13:41 server.go:3090: http: superfluous response.WriteHeader call from go-todo-practice/app/controllers.authenticate (route_auth.go:56)
2022/01/03 13:03:26 route_auth.go:80: <nil>
2022/01/03 22:39:57 route_auth.go:51: sql: no rows in result set
2022/01/03 22:39:57 server.go:3090: http: superfluous response.WriteHeader call from go-todo-practice/app/controllers.authenticate (route_auth.go:68)
2022/01/03 22:42:06 route_auth.go:51: sql: no rows in result set
2022/01/03 22:42:06 server.go:3090: http: superfluous response.WriteHeader call from go-todo-practice/app/controllers.authenticate (route_auth.go:68)
2022/01/03 22:42:08 route_auth.go:51: sql: no rows in result set
2022/01/03 22:42:08 server.go:3090: http: superfluous response.WriteHeader call from go-todo-practice/app/controllers.authenticate (route_auth.go:68)
2022/01/03 22:42:30 route_auth.go:51: sql: no rows in result set
2022/01/03 22:42:30 server.go:3090: http: superfluous response.WriteHeader call from go-todo-practice/app/controllers.authenticate (route_auth.go:68)
2022/01/05 22:44:56 route_auth.go:51: sql: no rows in result set
2022/01/05 22:44:56 server.go:3090: http: superfluous response.WriteHeader call from go-todo-practice/app/controllers.authenticate (route_auth.go:68)
2022/01/05 22:45:09 route_auth.go:51: sql: no rows in result set
2022/01/05 22:45:09 server.go:3090: http: superfluous response.WriteHeader call from go-todo-practice/app/controllers.authenticate (route_auth.go:68)
2022/01/05 22:50:07 route_auth.go:51: sql: no rows in result set
2022/01/05 22:50:07 server.go:3090: http: superfluous response.WriteHeader call from go-todo-practice/app/controllers.authenticate (route_auth.go:68)
2022/01/05 22:54:13 route_auth.go:51: sql: no rows in result set
2022/01/05 22:54:13 server.go:3090: http: superfluous response.WriteHeader call from go-todo-practice/app/controllers.authenticate (route_auth.go:68)
2022/01/15 16:39:22 route_auth.go:51: sql: no rows in result set
2022/01/15 16:39:22 server.go:3090: http: superfluous response.WriteHeader call from go-todo-practice/app/controllers.authenticate (route_auth.go:68)
2022/01/15 16:39:23 route_auth.go:51: sql: no rows in result set
2022/01/15 16:39:23 server.go:3090: http: superfluous response.WriteHeader call from go-todo-practice/app/controllers.authenticate (route_auth.go:68)
2022/01/15 16:39:24 route_auth.go:51: sql: no rows in result set
2022/01/15 16:39:24 server.go:3090: http: superfluous response.WriteHeader call from go-todo-practice/app/controllers.authenticate (route_auth.go:68)
2022/01/15 16:39:25 route_auth.go:51: sql: no rows in result set
2022/01/15 16:39:25 server.go:3090: http: superfluous response.WriteHeader call from go-todo-practice/app/controllers.authenticate (route_auth.go:68)
2022/01/15 16:39:26 route_auth.go:51: sql: no rows in result set
2022/01/15 16:39:26 server.go:3090: http: superfluous response.WriteHeader call from go-todo-practice/app/controllers.authenticate (route_auth.go:68)
2022/01/15 16:39:27 route_auth.go:51: sql: no rows in result set
2022/01/15 16:39:27 server.go:3090: http: superfluous response.WriteHeader call from go-todo-practice/app/controllers.authenticate (route_auth.go:68)
2022/01/15 16:39:27 route_auth.go:51: sql: no rows in result set
2022/01/15 16:39:27 server.go:3090: http: superfluous response.WriteHeader call from go-todo-practice/app/controllers.authenticate (route_auth.go:68)
2022/01/15 16:48:09 route_auth.go:51: sql: no rows in result set
2022/01/15 16:48:09 server.go:3090: http: superfluous response.WriteHeader call from go-todo-practice/app/controllers.authenticate (route_auth.go:68)
